
**** Build of configuration Large_Data for project RTOSDemo ****

/home/rtos/ti/ccs1010/ccs/utils/bin/gmake -k all 
 
Building file: "../Blinky_Demo/main_blinky.c"
Invoking: MSP430 Compiler
"/home/rtos/ti/ccs1010/ccs/tools/compiler/ti-cgt-msp430_20.2.1.LTS/bin/cl430" -vmspx --data_model=large -O0 --use_hw_mpy=F5 --include_path="/home/rtos/ti/ccs1010/ccs/ccs_base/msp430/include" --include_path="/home/rtos/workspace/RTOSDemo" --include_path="/home/rtos/Downloads/FreeRTOS/FreeRTOS/Source/include" --include_path="/home/rtos/Downloads/FreeRTOS/FreeRTOS/Source/portable/CCS/MSP430X" --include_path="/home/rtos/Downloads/FreeRTOS/FreeRTOS-Plus/Source/FreeRTOS-Plus-CLI" --include_path="/home/rtos/Downloads/FreeRTOS/FreeRTOS/Demo/Common/include" --include_path="/home/rtos/ti/ccs1010/ccs/tools/compiler/ti-cgt-msp430_20.2.1.LTS/include" --include_path="/home/rtos/workspace/RTOSDemo/driverlib/MSP430FR5xx_6xx" --define=__MSP430FR5994__ -g --printf_support=minimal --diag_warning=225 --diag_wrap=off --display_error_number --abi=eabi --silicon_errata=CPU21 --silicon_errata=CPU22 --silicon_errata=CPU40 --preproc_with_compile --preproc_dependency="Blinky_Demo/main_blinky.d_raw" --obj_directory="Blinky_Demo"  "../Blinky_Demo/main_blinky.c"
"../Blinky_Demo/main_blinky.c", line 194: warning #179-D: function "prvQueueReceiveTask" was declared but never referenced
"../Blinky_Demo/main_blinky.c", line 169: warning #179-D: function "prvQueueSendTask" was declared but never referenced
Finished building: "../Blinky_Demo/main_blinky.c"
 
Building target: "RTOSDemo.out"
Invoking: MSP430 Linker
"/home/rtos/ti/ccs1010/ccs/tools/compiler/ti-cgt-msp430_20.2.1.LTS/bin/cl430" -vmspx --data_model=large -O0 --use_hw_mpy=F5 --define=__MSP430FR5994__ -g --printf_support=minimal --diag_warning=225 --diag_wrap=off --display_error_number --abi=eabi --silicon_errata=CPU21 --silicon_errata=CPU22 --silicon_errata=CPU40 -z -m"RTOSDemo.map" --heap_size=0x400 --stack_size=1024 --cinit_hold_wdt=on -i"/home/rtos/ti/ccs1010/ccs/ccs_base/msp430/include" -i"/home/rtos/ti/ccs1010/ccs/tools/compiler/ti-cgt-msp430_20.2.1.LTS/lib" -i"/home/rtos/ti/ccs1010/ccs/tools/compiler/ti-cgt-msp430_20.2.1.LTS/include" -i"/home/rtos/ti/ccs1010/ccs/ccs_base/msp430/lib/5xx_6xx_FRxx" -i"/home/rtos/ti/ccs1010/ccs/ccs_base/msp430/lib/FR59xx" --priority --reread_libs --diag_wrap=off --display_error_number --warn_sections --xml_link_info="RTOSDemo_linkInfo.xml" --use_hw_mpy=F5 --rom_model -o "RTOSDemo.out" "./LEDs.obj" "./main.obj" "./printf-stdarg.obj" "./Blinky_Demo/main_blinky.obj" "./CCS_Only/RegTest.obj" "./FreeRTOS_Source/croutine.obj" "./FreeRTOS_Source/event_groups.obj" "./FreeRTOS_Source/list.obj" "./FreeRTOS_Source/queue.obj" "./FreeRTOS_Source/stream_buffer.obj" "./FreeRTOS_Source/tasks.obj" "./FreeRTOS_Source/timers.obj" "./FreeRTOS_Source/portable/CCS/MSP430X/port.obj" "./FreeRTOS_Source/portable/CCS/MSP430X/portext.obj" "./FreeRTOS_Source/portable/MemMang/heap_4.obj" "./Full_Demo/FreeRTOS+CLI/FreeRTOS_CLI.obj" "./Full_Demo/Sample-CLI-commands.obj" "./Full_Demo/UARTCommandConsole.obj" "./Full_Demo/main_full.obj" "./Full_Demo/serial.obj" "./Full_Demo/Standard_Demo_Tasks/EventGroupsDemo.obj" "./Full_Demo/Standard_Demo_Tasks/GenQTest.obj" "./Full_Demo/Standard_Demo_Tasks/TaskNotify.obj" "./Full_Demo/Standard_Demo_Tasks/blocktim.obj" "./Full_Demo/Standard_Demo_Tasks/countsem.obj" "./Full_Demo/Standard_Demo_Tasks/dynamic.obj" "./Full_Demo/Standard_Demo_Tasks/recmutex.obj" "./driverlib/MSP430FR5xx_6xx/adc12_b.obj" "./driverlib/MSP430FR5xx_6xx/aes256.obj" "./driverlib/MSP430FR5xx_6xx/comp_e.obj" "./driverlib/MSP430FR5xx_6xx/crc.obj" "./driverlib/MSP430FR5xx_6xx/crc32.obj" "./driverlib/MSP430FR5xx_6xx/cs.obj" "./driverlib/MSP430FR5xx_6xx/dma.obj" "./driverlib/MSP430FR5xx_6xx/esi.obj" "./driverlib/MSP430FR5xx_6xx/eusci_a_spi.obj" "./driverlib/MSP430FR5xx_6xx/eusci_a_uart.obj" "./driverlib/MSP430FR5xx_6xx/eusci_b_i2c.obj" "./driverlib/MSP430FR5xx_6xx/eusci_b_spi.obj" "./driverlib/MSP430FR5xx_6xx/framctl.obj" "./driverlib/MSP430FR5xx_6xx/gpio.obj" "./driverlib/MSP430FR5xx_6xx/lcd_c.obj" "./driverlib/MSP430FR5xx_6xx/mpu.obj" "./driverlib/MSP430FR5xx_6xx/mpy32.obj" "./driverlib/MSP430FR5xx_6xx/pmm.obj" "./driverlib/MSP430FR5xx_6xx/ram.obj" "./driverlib/MSP430FR5xx_6xx/ref_a.obj" "./driverlib/MSP430FR5xx_6xx/rtc_b.obj" "./driverlib/MSP430FR5xx_6xx/rtc_c.obj" "./driverlib/MSP430FR5xx_6xx/sfr.obj" "./driverlib/MSP430FR5xx_6xx/sysctl.obj" "./driverlib/MSP430FR5xx_6xx/timer_a.obj" "./driverlib/MSP430FR5xx_6xx/timer_b.obj" "./driverlib/MSP430FR5xx_6xx/tlv.obj" "./driverlib/MSP430FR5xx_6xx/wdt_a.obj" "../lnk_msp430fr5994.cmd"  -llibc.a -llibmath.a 
<Linking>
"../lnk_msp430fr5994.cmd", line 208: error #10099-D: program will not fit into available memory, or the section contains a call site that requires a trampoline that can't be generated for this section. run placement with alignment fails for section ".bss" size 0x3c24.  Available memory ranges:
   RAM          size: 0x1000       unused: 0x1000       max hole: 0x1000    
error #10010: errors encountered during linking; "RTOSDemo.out" not built
 
>> Compilation failure
makefile:211: recipe for target 'RTOSDemo.out' failed
gmake: *** [RTOSDemo.out] Error 1
gmake: Target 'all' not remade because of errors.

**** Build Finished ****
